<?xml version="1.0" encoding="UTF-8"?>

<mule xmlns:ee="http://www.mulesoft.org/schema/mule/ee/core" xmlns:http="http://www.mulesoft.org/schema/mule/http"
	xmlns="http://www.mulesoft.org/schema/mule/core"
	xmlns:doc="http://www.mulesoft.org/schema/mule/documentation" xmlns:xsi="http://www.w3.org/2001/XMLSchema-instance" xsi:schemaLocation="http://www.mulesoft.org/schema/mule/core http://www.mulesoft.org/schema/mule/core/current/mule.xsd
http://www.mulesoft.org/schema/mule/http http://www.mulesoft.org/schema/mule/http/current/mule-http.xsd
http://www.mulesoft.org/schema/mule/ee/core http://www.mulesoft.org/schema/mule/ee/core/current/mule-ee.xsd">
	<configuration-properties doc:name="Configuration properties" doc:id="dd09a481-a094-4fc4-bbfb-80aa2efde83f" file="environment.properties" />
	<http:listener-config name="HTTP_Listener_config" doc:name="HTTP Listener config" doc:id="e2ab25be-4470-4a2c-aac6-98ed27e4d50f" >
		<http:listener-connection host="0.0.0.0" port="${http.port}" />
	</http:listener-config>
	<flow name="test-automation-appFlow" doc:id="715b3c9c-acbd-4afc-bb6b-6ad784503a85" >
		<http:listener doc:name="Listener" doc:id="eb6a7756-c00c-4ea4-964a-51502dbd4cd8" config-ref="HTTP_Listener_config" path="/jenkins-automate"/>
		<ee:transform doc:name="Transform Message" doc:id="e393a7f6-5b97-4c98-a420-8d9a442004f2" >
			<ee:message >
				<ee:set-payload ><![CDATA[%dw 2.0
output application/json
---
{
	'message' : 'Hello, welcome to the first jenkins automate job.'
}]]></ee:set-payload>
			</ee:message>
		</ee:transform>
	</flow>
</mule>
